<?xml version="1.0" encoding="UTF-8"?>
<testsuite name="com.bridgelabz.MaximunTest" tests="1" skipped="0" failures="0" errors="0" timestamp="2021-06-07T02:39:15" hostname="DESKTOP-T79M02P" time="0.012">
  <properties/>
  <testcase name="findMaximum_Integer_At_ThirdPoisiton_Gives_True" classname="com.bridgelabz.MaximunTest" time="0.012"/>
  <system-out><![CDATA[The Maximun Value is : 5
]]></system-out>
  <system-err><![CDATA[]]></system-err>
</testsuite>
